<?xml version="1.0" encoding="UTF-8"?>
<!-- Generated by org.testng.reporters.JUnitReportReporter -->
<testsuite hostname="DESKTOP-06HNB08" failures="0" tests="1" name="com.test.testcases.TC01_Television" time="22.046" errors="0" timestamp="2022-06-09T07:38:01 IST" skipped="0">
  <testcase classname="com.test.testcases.TC01_Television" name="loginAndLogout" time="22.046"/>
  <system-out/>
</testsuite> <!-- com.test.testcases.TC01_Television -->
