<?xml version="1.0" encoding="UTF-8"?>
<!-- Generated by org.testng.reporters.JUnitReportReporter -->
<testsuite hostname="DESKTOP-06HNB08" failures="0" tests="1" name="com.test.home.Home" time="0.014" errors="0" timestamp="2022-06-08T18:47:48 IST" skipped="0">
  <testcase classname="com.test.home.Home" name="baseNavigation" time="0.014"/>
  <system-out/>
</testsuite> <!-- com.test.home.Home -->
