<?xml version="1.0" encoding="UTF-8"?>
<!-- Generated by org.testng.reporters.JUnitReportReporter -->
<testsuite hostname="DESKTOP-06HNB08" failures="0" tests="1" name="com.test.testcases.TC01_Television" time="24.825" errors="0" timestamp="2022-06-09T17:23:00 IST" skipped="0">
  <testcase classname="com.test.testcases.TC01_Television" name="validateamzaonapplication" time="24.825"/>
  <system-out/>
</testsuite> <!-- com.test.testcases.TC01_Television -->
